<!DOCTYPE html PUBLIC "-//W3C//DTD XHTML 1.1//EN" "https://www.w3.org/TR/xhtml11/DTD/xhtml11.dtd">
<html xmlns="https://www.w3.org/1999/xhtml">
<head>
<meta http-equiv="content-type" content="text/html; charset=UTF-8"/>
<title>TestNG Report</title>
<style type="text/css">table {margin-bottom:10px;border-collapse:collapse;empty-cells:show}th,td {border:1px solid #009;padding:.25em .5em}th {vertical-align:bottom}td {vertical-align:top}table a {font-weight:bold}.stripe td {background-color: #E6EBF9}.num {text-align:right}.passedodd td {background-color: #3F3}.passedeven td {background-color: #0A0}.skippedodd td {background-color: #DDD}.skippedeven td {background-color: #CCC}.failedodd td,.attn {background-color: #F33}.failedeven td,.stripe .attn {background-color: #D00}.stacktrace {white-space:pre;font-family:monospace}.totop {font-size:85%;text-align:center;border-bottom:2px solid #000}.invisible {display:none}</style>
</head>
<body>
<table>
<tr><th>Test</th><th># Passed</th><th># Skipped</th><th># Retried</th><th># Failed</th><th>Time (ms)</th><th>Included Groups</th><th>Excluded Groups</th></tr>
<tr><th colspan="8">LoginTestSuiteVariousBrowsersSauce</th></tr>
<tr><td><a href="#t0">LoginTest - CH</a></td><td class="num">1</td><td class="num">0</td><td class="num">0</td><td class="num">0</td><td class="num">12,870</td><td></td><td></td></tr>
<tr class="stripe"><td><a href="#t1">LoginTest - safari</a></td><td class="num">1</td><td class="num">0</td><td class="num">0</td><td class="num">0</td><td class="num">10,684</td><td></td><td></td></tr>
<tr><td><a href="#t2">LoginTest - FF</a></td><td class="num">0</td><td class="num attn">1</td><td class="num">0</td><td class="num">0</td><td class="num">419</td><td></td><td></td></tr>
<tr><th>Total</th><th class="num">2</th><th class="num attn">1</th><th class="num">0</th><th class="num">0</th><th class="num">23,973</th><th colspan="2"></th></tr>
</table>
<table id='summary'><thead><tr><th>Class</th><th>Method</th><th>Start</th><th>Time (ms)</th></tr></thead><tbody><tr><th colspan="4">LoginTestSuiteVariousBrowsersSauce</th></tr></tbody><tbody id="t0"><tr><th colspan="4">LoginTest - CH &#8212; passed</th></tr><tr class="passedeven"><td rowspan="1">com.packt.tests.LoginTest</td><td><a href="#m0">loginTest</a></td><td rowspan="1">1677143919286</td><td rowspan="1">2102</td></tr></tbody>
<tbody id="t1"><tr><th colspan="4">LoginTest - safari &#8212; passed</th></tr><tr class="passedeven"><td rowspan="1">com.packt.tests.LoginTest</td><td><a href="#m1">loginTest</a></td><td rowspan="1">1677143930032</td><td rowspan="1">2036</td></tr></tbody>
<tbody id="t2"><tr><th colspan="4">LoginTest - FF &#8212; failed (configuration methods)</th></tr><tr class="failedeven"><td rowspan="2">com.packt.tests.LoginTest</td><td><a href="#m2">setUp</a></td><td rowspan="1">1677143932662</td><td rowspan="1">353</td></tr><tr class="failedeven"><td><a href="#m3">tearDown</a></td><td rowspan="1">1677143933063</td><td rowspan="1">5</td></tr><tr><th colspan="4">LoginTest - FF &#8212; skipped</th></tr><tr class="skippedeven"><td rowspan="1">com.packt.tests.LoginTest</td><td><a href="#m4">loginTest</a></td><td rowspan="1">1677143933041</td><td rowspan="1">0</td></tr></tbody>
</table>
<h2>LoginTest - CH</h2><h3 id="m0">com.packt.tests.LoginTest#loginTest</h3><table class="result"><tr><th class="invisible"/></tr></table><p class="totop"><a href="#summary">back to summary</a></p>
<h2>LoginTest - safari</h2><h3 id="m1">com.packt.tests.LoginTest#loginTest</h3><table class="result"><tr><th class="invisible"/></tr></table><p class="totop"><a href="#summary">back to summary</a></p>
<h2>LoginTest - FF</h2><h3 id="m2">com.packt.tests.LoginTest#setUp</h3><table class="result"><tr class="param"><th>Parameter #1</th><th>Parameter #2</th><th>Parameter #3</th><th>Parameter #4</th></tr><tr class="param stripe"><td>firefo</td><td>sauce</td><td>null</td><td>org.testng.TestRunner@7889a1ac</td></tr><tr><th colspan="4">Exception</th></tr><tr><td colspan="4"><div class="stacktrace">org.openqa.selenium.SessionNotCreatedException: Could not start a new session. Unable to parse remote response: Misconfigured -- Unsupported OS/browser/version/device combo: OS: &apos;Windows 10&apos;, Browser: &apos;firefo&apos;, Version: &apos;latest&apos;, Device: &apos;unspecified&apos; 
Host info: host: &apos;SOURISH-PC&apos;, ip: &apos;192.168.0.107&apos;
	at org.openqa.selenium.remote.ProtocolHandshake.createSession(ProtocolHandshake.java:134)
	at org.openqa.selenium.remote.ProtocolHandshake.createSession(ProtocolHandshake.java:106)
	at org.openqa.selenium.remote.ProtocolHandshake.createSession(ProtocolHandshake.java:67)
	at org.openqa.selenium.remote.HttpCommandExecutor.execute(HttpCommandExecutor.java:156)
	at org.openqa.selenium.remote.TracedCommandExecutor.execute(TracedCommandExecutor.java:51)
	at org.openqa.selenium.remote.RemoteWebDriver.execute(RemoteWebDriver.java:543)
	at org.openqa.selenium.remote.RemoteWebDriver.startSession(RemoteWebDriver.java:229)
	at org.openqa.selenium.remote.RemoteWebDriver.&lt;init&gt;(RemoteWebDriver.java:157)
	at org.openqa.selenium.remote.RemoteWebDriver.&lt;init&gt;(RemoteWebDriver.java:139)
	at com.packt.base.BrowserDriverFactory.createDriverSauce(BrowserDriverFactory.java:72)
	at com.packt.base.BaseTest.setUp(BaseTest.java:27)
	at java.util.ArrayList.forEach(ArrayList.java:1249)
Caused by: org.openqa.selenium.json.JsonException: Unable to parse: Misconfigured -- Unsupported OS/browser/version/device combo: OS: &apos;Windows 10&apos;, Browser: &apos;firefo&apos;, Version: &apos;latest&apos;, Device: &apos;unspecified&apos;
	at org.openqa.selenium.json.Json.toType(Json.java:57)
	at org.openqa.selenium.json.Json.toType(Json.java:50)
	at org.openqa.selenium.remote.ProtocolHandshake.createSession(ProtocolHandshake.java:131)
	... 42 more
Caused by: org.openqa.selenium.json.JsonException: Unable to determine type from: M. Last 1 characters read: M
Build info: version: &apos;4.8.0&apos;, revision: &apos;267030adea&apos;
System info: os.name: &apos;Windows 8.1&apos;, os.arch: &apos;amd64&apos;, os.version: &apos;6.3&apos;, java.version: &apos;1.8.0_101&apos;
Driver info: driver.version: RemoteWebDriver
	at org.openqa.selenium.json.JsonInput.peek(JsonInput.java:126)
	at org.openqa.selenium.json.JsonTypeCoercer.lambda$buildCoercer$6(JsonTypeCoercer.java:141)
	at org.openqa.selenium.json.JsonTypeCoercer.coerce(JsonTypeCoercer.java:127)
	at org.openqa.selenium.json.Json.toType(Json.java:71)
	at org.openqa.selenium.json.Json.toType(Json.java:55)
	... 44 more
... Removed 31 stack frames</div></td></tr></table><p class="totop"><a href="#summary">back to summary</a></p>
<h3 id="m3">com.packt.tests.LoginTest#tearDown</h3><table class="result"><tr class="param"><th>Parameter #1</th></tr><tr class="param stripe"><td>[TestResult name={null} status=CREATED method=LoginTest.loginTest()[pri:0, instance:com.packt.tests.LoginTest@7276c8cd] output={null}]</td></tr><tr><th>Exception</th></tr><tr><td><div class="stacktrace">java.lang.NullPointerException
	at com.packt.base.BaseTest.tearDown(BaseTest.java:40)
	at java.util.ArrayList.forEach(ArrayList.java:1249)
... Removed 32 stack frames</div></td></tr></table><p class="totop"><a href="#summary">back to summary</a></p>
<h3 id="m4">com.packt.tests.LoginTest#loginTest</h3><table class="result"><tr><th>Exception</th></tr><tr><td><div class="stacktrace">org.openqa.selenium.SessionNotCreatedException: Could not start a new session. Unable to parse remote response: Misconfigured -- Unsupported OS/browser/version/device combo: OS: &apos;Windows 10&apos;, Browser: &apos;firefo&apos;, Version: &apos;latest&apos;, Device: &apos;unspecified&apos; 
Host info: host: &apos;SOURISH-PC&apos;, ip: &apos;192.168.0.107&apos;
	at org.openqa.selenium.remote.ProtocolHandshake.createSession(ProtocolHandshake.java:134)
	at org.openqa.selenium.remote.ProtocolHandshake.createSession(ProtocolHandshake.java:106)
	at org.openqa.selenium.remote.ProtocolHandshake.createSession(ProtocolHandshake.java:67)
	at org.openqa.selenium.remote.HttpCommandExecutor.execute(HttpCommandExecutor.java:156)
	at org.openqa.selenium.remote.TracedCommandExecutor.execute(TracedCommandExecutor.java:51)
	at org.openqa.selenium.remote.RemoteWebDriver.execute(RemoteWebDriver.java:543)
	at org.openqa.selenium.remote.RemoteWebDriver.startSession(RemoteWebDriver.java:229)
	at org.openqa.selenium.remote.RemoteWebDriver.&lt;init&gt;(RemoteWebDriver.java:157)
	at org.openqa.selenium.remote.RemoteWebDriver.&lt;init&gt;(RemoteWebDriver.java:139)
	at com.packt.base.BrowserDriverFactory.createDriverSauce(BrowserDriverFactory.java:72)
	at com.packt.base.BaseTest.setUp(BaseTest.java:27)
	at java.util.ArrayList.forEach(ArrayList.java:1249)
Caused by: org.openqa.selenium.json.JsonException: Unable to parse: Misconfigured -- Unsupported OS/browser/version/device combo: OS: &apos;Windows 10&apos;, Browser: &apos;firefo&apos;, Version: &apos;latest&apos;, Device: &apos;unspecified&apos;
	at org.openqa.selenium.json.Json.toType(Json.java:57)
	at org.openqa.selenium.json.Json.toType(Json.java:50)
	at org.openqa.selenium.remote.ProtocolHandshake.createSession(ProtocolHandshake.java:131)
	... 42 more
Caused by: org.openqa.selenium.json.JsonException: Unable to determine type from: M. Last 1 characters read: M
Build info: version: &apos;4.8.0&apos;, revision: &apos;267030adea&apos;
System info: os.name: &apos;Windows 8.1&apos;, os.arch: &apos;amd64&apos;, os.version: &apos;6.3&apos;, java.version: &apos;1.8.0_101&apos;
Driver info: driver.version: RemoteWebDriver
	at org.openqa.selenium.json.JsonInput.peek(JsonInput.java:126)
	at org.openqa.selenium.json.JsonTypeCoercer.lambda$buildCoercer$6(JsonTypeCoercer.java:141)
	at org.openqa.selenium.json.JsonTypeCoercer.coerce(JsonTypeCoercer.java:127)
	at org.openqa.selenium.json.Json.toType(Json.java:71)
	at org.openqa.selenium.json.Json.toType(Json.java:55)
	... 44 more
... Removed 31 stack frames</div></td></tr></table><p class="totop"><a href="#summary">back to summary</a></p>
</body>
</html>
